
*** Running vivado
    with args -log top.vds -m64 -product Vivado -mode batch -messageDb vivado.pb -notrace -source top.tcl



****** Vivado v2022.2 (64-bit)
  **** SW Build 3671981 on Fri Oct 14 05:00:03 MDT 2022
  **** IP Build 3669848 on Fri Oct 14 08:30:02 MDT 2022
    ** Copyright 1986-2022 Xilinx, Inc. All Rights Reserved.

source top.tcl -notrace
create_project: Time (s): cpu = 00:00:09 ; elapsed = 00:00:09 . Memory (MB): peak = 544.332 ; gain = 115.426
Command: read_checkpoint -auto_incremental -incremental C:/Users/Bruker/Documents/Bachelor_Elektro_ingenior_med_auto/fpga/sequence_sampeling/sequence_sampeling.srcs/utils_1/imports/synth_1/top.dcp
INFO: [Vivado 12-5825] Read reference checkpoint from C:/Users/Bruker/Documents/Bachelor_Elektro_ingenior_med_auto/fpga/sequence_sampeling/sequence_sampeling.srcs/utils_1/imports/synth_1/top.dcp for incremental synthesis
INFO: [Vivado 12-7989] Please ensure there are no constraint changes
Command: synth_design -top top -part xc7a35ticsg324-1L
Starting synth_design
Attempting to get a license for feature 'Synthesis' and/or device 'xc7a35ti'
INFO: [Common 17-349] Got license for feature 'Synthesis' and/or device 'xc7a35ti'
INFO: [Device 21-403] Loading part xc7a35ticsg324-1L
INFO: [Designutils 20-5440] No compile time benefit to using incremental synthesis; A full resynthesis will be run
INFO: [Designutils 20-4379] Flow is switching to default flow due to incremental criteria not met. If you would like to alter this behaviour and have the flow terminate instead, please set the following parameter config_implementation {autoIncr.Synth.RejectBehavior Terminate}
INFO: [Synth 8-7079] Multithreading enabled for synth_design using a maximum of 2 processes.
INFO: [Synth 8-7078] Launching helper process for spawning children vivado processes
INFO: [Synth 8-7075] Helper process launched with PID 9068
INFO: [Synth 8-11241] undeclared symbol 'REGCCE', assumed default net type 'wire' [D:/bachelor_2023/Vivado/2022.2/data/verilog/src/unimacro/BRAM_SINGLE_MACRO.v:2170]
---------------------------------------------------------------------------------
Starting RTL Elaboration : Time (s): cpu = 00:00:07 ; elapsed = 00:00:08 . Memory (MB): peak = 1360.438 ; gain = 407.645
---------------------------------------------------------------------------------
INFO: [Synth 8-6157] synthesizing module 'top' [C:/Users/Bruker/Documents/Bachelor_Elektro_ingenior_med_auto/fpga/sequence_sampeling/sequence_sampeling.srcs/sources_1/new/top.v:23]
INFO: [Synth 8-6157] synthesizing module 'xadc_wiz_sequencer' [C:/Users/Bruker/Documents/Bachelor_Elektro_ingenior_med_auto/fpga/sequence_sampeling/sequence_sampeling.runs/synth_1/.Xil/Vivado-1428-DESKTOP-T99OIQI/realtime/xadc_wiz_sequencer_stub.v:5]
INFO: [Synth 8-6155] done synthesizing module 'xadc_wiz_sequencer' (0#1) [C:/Users/Bruker/Documents/Bachelor_Elektro_ingenior_med_auto/fpga/sequence_sampeling/sequence_sampeling.runs/synth_1/.Xil/Vivado-1428-DESKTOP-T99OIQI/realtime/xadc_wiz_sequencer_stub.v:5]
WARNING: [Synth 8-7071] port 'busy_out' of module 'xadc_wiz_sequencer' is unconnected for instance 'adc' [C:/Users/Bruker/Documents/Bachelor_Elektro_ingenior_med_auto/fpga/sequence_sampeling/sequence_sampeling.srcs/sources_1/new/top.v:53]
WARNING: [Synth 8-7071] port 'eos_out' of module 'xadc_wiz_sequencer' is unconnected for instance 'adc' [C:/Users/Bruker/Documents/Bachelor_Elektro_ingenior_med_auto/fpga/sequence_sampeling/sequence_sampeling.srcs/sources_1/new/top.v:53]
WARNING: [Synth 8-7071] port 'alarm_out' of module 'xadc_wiz_sequencer' is unconnected for instance 'adc' [C:/Users/Bruker/Documents/Bachelor_Elektro_ingenior_med_auto/fpga/sequence_sampeling/sequence_sampeling.srcs/sources_1/new/top.v:53]
WARNING: [Synth 8-7023] instance 'adc' of module 'xadc_wiz_sequencer' has 19 connections declared, but only 16 given [C:/Users/Bruker/Documents/Bachelor_Elektro_ingenior_med_auto/fpga/sequence_sampeling/sequence_sampeling.srcs/sources_1/new/top.v:53]
INFO: [Synth 8-6157] synthesizing module 'pwm' [C:/Users/Bruker/Documents/Bachelor_Elektro_ingenior_med_auto/fpga/sequence_sampeling/sequence_sampeling.srcs/sources_1/imports/new/pwm.v:2]
	Parameter CTR_LEN bound to: 12 - type: integer 
INFO: [Synth 8-6155] done synthesizing module 'pwm' (0#1) [C:/Users/Bruker/Documents/Bachelor_Elektro_ingenior_med_auto/fpga/sequence_sampeling/sequence_sampeling.srcs/sources_1/imports/new/pwm.v:2]
INFO: [Synth 8-6155] done synthesizing module 'top' (0#1) [C:/Users/Bruker/Documents/Bachelor_Elektro_ingenior_med_auto/fpga/sequence_sampeling/sequence_sampeling.srcs/sources_1/new/top.v:23]
WARNING: [Synth 8-3848] Net _rgb in module/entity top does not have driver. [C:/Users/Bruker/Documents/Bachelor_Elektro_ingenior_med_auto/fpga/sequence_sampeling/sequence_sampeling.srcs/sources_1/new/top.v:44]
WARNING: [Synth 8-3848] Net _rgb3 in module/entity top does not have driver. [C:/Users/Bruker/Documents/Bachelor_Elektro_ingenior_med_auto/fpga/sequence_sampeling/sequence_sampeling.srcs/sources_1/new/top.v:45]
WARNING: [Synth 8-7129] Port rgb[2] in module top is either unconnected or has no load
WARNING: [Synth 8-7129] Port rgb[1] in module top is either unconnected or has no load
WARNING: [Synth 8-7129] Port rgb3[2] in module top is either unconnected or has no load
WARNING: [Synth 8-7129] Port rgb3[1] in module top is either unconnected or has no load
---------------------------------------------------------------------------------
Finished RTL Elaboration : Time (s): cpu = 00:00:10 ; elapsed = 00:00:11 . Memory (MB): peak = 1450.852 ; gain = 498.059
---------------------------------------------------------------------------------
---------------------------------------------------------------------------------
Start Handling Custom Attributes
---------------------------------------------------------------------------------
---------------------------------------------------------------------------------
Finished Handling Custom Attributes : Time (s): cpu = 00:00:10 ; elapsed = 00:00:11 . Memory (MB): peak = 1450.852 ; gain = 498.059
---------------------------------------------------------------------------------
---------------------------------------------------------------------------------
Finished RTL Optimization Phase 1 : Time (s): cpu = 00:00:10 ; elapsed = 00:00:11 . Memory (MB): peak = 1450.852 ; gain = 498.059
---------------------------------------------------------------------------------
Netlist sorting complete. Time (s): cpu = 00:00:00 ; elapsed = 00:00:00.001 . Memory (MB): peak = 1450.852 ; gain = 0.000
INFO: [Project 1-570] Preparing netlist for logic optimization

Processing XDC Constraints
Initializing timing engine
Parsing XDC File [c:/Users/Bruker/Documents/Bachelor_Elektro_ingenior_med_auto/fpga/sequence_sampeling/sequence_sampeling.gen/sources_1/ip/xadc_wiz_sequencer/xadc_wiz_sequencer/xadc_wiz_sequencer_in_context.xdc] for cell 'adc'
Finished Parsing XDC File [c:/Users/Bruker/Documents/Bachelor_Elektro_ingenior_med_auto/fpga/sequence_sampeling/sequence_sampeling.gen/sources_1/ip/xadc_wiz_sequencer/xadc_wiz_sequencer/xadc_wiz_sequencer_in_context.xdc] for cell 'adc'
Parsing XDC File [C:/Users/Bruker/Documents/Bachelor_Elektro_ingenior_med_auto/fpga/sequence_sampeling/sequence_sampeling.srcs/constrs_1/imports/digilent-xdc-master/Arty-A7-35-Master.xdc]
WARNING: [Vivado 12-584] No ports matched 'vaux6_n'. [C:/Users/Bruker/Documents/Bachelor_Elektro_ingenior_med_auto/fpga/sequence_sampeling/sequence_sampeling.srcs/constrs_1/imports/digilent-xdc-master/Arty-A7-35-Master.xdc:128]
WARNING: [Vivado 12-584] No ports matched 'vaux6_p'. [C:/Users/Bruker/Documents/Bachelor_Elektro_ingenior_med_auto/fpga/sequence_sampeling/sequence_sampeling.srcs/constrs_1/imports/digilent-xdc-master/Arty-A7-35-Master.xdc:129]
WARNING: [Vivado 12-584] No ports matched 'vaux7_n'. [C:/Users/Bruker/Documents/Bachelor_Elektro_ingenior_med_auto/fpga/sequence_sampeling/sequence_sampeling.srcs/constrs_1/imports/digilent-xdc-master/Arty-A7-35-Master.xdc:130]
WARNING: [Vivado 12-584] No ports matched 'vaux7_p'. [C:/Users/Bruker/Documents/Bachelor_Elektro_ingenior_med_auto/fpga/sequence_sampeling/sequence_sampeling.srcs/constrs_1/imports/digilent-xdc-master/Arty-A7-35-Master.xdc:131]
WARNING: [Vivado 12-584] No ports matched 'vaux15_n'. [C:/Users/Bruker/Documents/Bachelor_Elektro_ingenior_med_auto/fpga/sequence_sampeling/sequence_sampeling.srcs/constrs_1/imports/digilent-xdc-master/Arty-A7-35-Master.xdc:132]
WARNING: [Vivado 12-584] No ports matched 'vaux15_p'. [C:/Users/Bruker/Documents/Bachelor_Elektro_ingenior_med_auto/fpga/sequence_sampeling/sequence_sampeling.srcs/constrs_1/imports/digilent-xdc-master/Arty-A7-35-Master.xdc:133]
WARNING: [Vivado 12-584] No ports matched 'vaux0_n'. [C:/Users/Bruker/Documents/Bachelor_Elektro_ingenior_med_auto/fpga/sequence_sampeling/sequence_sampeling.srcs/constrs_1/imports/digilent-xdc-master/Arty-A7-35-Master.xdc:134]
WARNING: [Vivado 12-584] No ports matched 'vaux0_p'. [C:/Users/Bruker/Documents/Bachelor_Elektro_ingenior_med_auto/fpga/sequence_sampeling/sequence_sampeling.srcs/constrs_1/imports/digilent-xdc-master/Arty-A7-35-Master.xdc:135]
Finished Parsing XDC File [C:/Users/Bruker/Documents/Bachelor_Elektro_ingenior_med_auto/fpga/sequence_sampeling/sequence_sampeling.srcs/constrs_1/imports/digilent-xdc-master/Arty-A7-35-Master.xdc]
WARNING: [Project 1-498] One or more constraints failed evaluation while reading constraint file [C:/Users/Bruker/Documents/Bachelor_Elektro_ingenior_med_auto/fpga/sequence_sampeling/sequence_sampeling.srcs/constrs_1/imports/digilent-xdc-master/Arty-A7-35-Master.xdc] and the design contains unresolved black boxes. These constraints will be read post-synthesis (as long as their source constraint file is marked as used_in_implementation) and should be applied correctly then. You should review the constraints listed in the file [.Xil/top_propImpl.xdc] and check the run log file to verify that these constraints were correctly applied.
INFO: [Project 1-236] Implementation specific constraints were found while reading constraint file [C:/Users/Bruker/Documents/Bachelor_Elektro_ingenior_med_auto/fpga/sequence_sampeling/sequence_sampeling.srcs/constrs_1/imports/digilent-xdc-master/Arty-A7-35-Master.xdc]. These constraints will be ignored for synthesis but will be used in implementation. Impacted constraints are listed in the file [.Xil/top_propImpl.xdc].
Resolution: To avoid this warning, move constraints listed in [.Xil/top_propImpl.xdc] to another XDC file and exclude this new file from synthesis with the used_in_synthesis property (File Properties dialog in GUI) and re-run elaboration/synthesis.
Completed Processing XDC Constraints

Netlist sorting complete. Time (s): cpu = 00:00:00 ; elapsed = 00:00:00 . Memory (MB): peak = 1500.926 ; gain = 0.000
INFO: [Project 1-111] Unisim Transformation Summary:
No Unisim elements were transformed.

Constraint Validation Runtime : Time (s): cpu = 00:00:00 ; elapsed = 00:00:00.004 . Memory (MB): peak = 1500.926 ; gain = 0.000
INFO: [Designutils 20-5440] No compile time benefit to using incremental synthesis; A full resynthesis will be run
INFO: [Designutils 20-4379] Flow is switching to default flow due to incremental criteria not met. If you would like to alter this behaviour and have the flow terminate instead, please set the following parameter config_implementation {autoIncr.Synth.RejectBehavior Terminate}
INFO: [Synth 8-11241] undeclared symbol 'REGCCE', assumed default net type 'wire' [D:/bachelor_2023/Vivado/2022.2/data/verilog/src/unimacro/BRAM_SINGLE_MACRO.v:2170]
---------------------------------------------------------------------------------
Finished Constraint Validation : Time (s): cpu = 00:00:20 ; elapsed = 00:00:22 . Memory (MB): peak = 1500.926 ; gain = 548.133
---------------------------------------------------------------------------------
---------------------------------------------------------------------------------
Start Loading Part and Timing Information
---------------------------------------------------------------------------------
Loading part: xc7a35ticsg324-1L
---------------------------------------------------------------------------------
Finished Loading Part and Timing Information : Time (s): cpu = 00:00:20 ; elapsed = 00:00:22 . Memory (MB): peak = 1500.926 ; gain = 548.133
---------------------------------------------------------------------------------
---------------------------------------------------------------------------------
Start Applying 'set_property' XDC Constraints
---------------------------------------------------------------------------------
Applied set_property KEEP_HIERARCHY = SOFT for adc. (constraint file  auto generated constraint).
---------------------------------------------------------------------------------
Finished applying 'set_property' XDC Constraints : Time (s): cpu = 00:00:20 ; elapsed = 00:00:22 . Memory (MB): peak = 1500.926 ; gain = 548.133
---------------------------------------------------------------------------------
---------------------------------------------------------------------------------
Finished RTL Optimization Phase 2 : Time (s): cpu = 00:00:20 ; elapsed = 00:00:22 . Memory (MB): peak = 1500.926 ; gain = 548.133
---------------------------------------------------------------------------------
---------------------------------------------------------------------------------
Start RTL Component Statistics 
---------------------------------------------------------------------------------
Detailed RTL Component Info : 
+---Registers : 
	               12 Bit    Registers := 2     
	                1 Bit    Registers := 3     
+---Muxes : 
	   2 Input    1 Bit        Muxes := 3     
---------------------------------------------------------------------------------
Finished RTL Component Statistics 
---------------------------------------------------------------------------------
---------------------------------------------------------------------------------
Start Part Resource Summary
---------------------------------------------------------------------------------
Part Resources:
DSPs: 90 (col length:60)
BRAMs: 100 (col length: RAMB18 60 RAMB36 30)
---------------------------------------------------------------------------------
Finished Part Resource Summary
---------------------------------------------------------------------------------
---------------------------------------------------------------------------------
Start Cross Boundary and Area Optimization
---------------------------------------------------------------------------------
WARNING: [Synth 8-7080] Parallel synthesis criteria is not met
WARNING: [Synth 8-7129] Port rgb[2] in module top is either unconnected or has no load
WARNING: [Synth 8-7129] Port rgb[1] in module top is either unconnected or has no load
WARNING: [Synth 8-7129] Port rgb3[2] in module top is either unconnected or has no load
WARNING: [Synth 8-7129] Port rgb3[1] in module top is either unconnected or has no load
---------------------------------------------------------------------------------
Finished Cross Boundary and Area Optimization : Time (s): cpu = 00:00:23 ; elapsed = 00:00:25 . Memory (MB): peak = 1500.926 ; gain = 548.133
---------------------------------------------------------------------------------
---------------------------------------------------------------------------------
Start Applying XDC Timing Constraints
---------------------------------------------------------------------------------
---------------------------------------------------------------------------------
Finished Applying XDC Timing Constraints : Time (s): cpu = 00:00:31 ; elapsed = 00:00:33 . Memory (MB): peak = 1500.926 ; gain = 548.133
---------------------------------------------------------------------------------
---------------------------------------------------------------------------------
Start Timing Optimization
---------------------------------------------------------------------------------
---------------------------------------------------------------------------------
Finished Timing Optimization : Time (s): cpu = 00:00:31 ; elapsed = 00:00:33 . Memory (MB): peak = 1500.926 ; gain = 548.133
---------------------------------------------------------------------------------
---------------------------------------------------------------------------------
Start Technology Mapping
---------------------------------------------------------------------------------
---------------------------------------------------------------------------------
Finished Technology Mapping : Time (s): cpu = 00:00:31 ; elapsed = 00:00:33 . Memory (MB): peak = 1500.926 ; gain = 548.133
---------------------------------------------------------------------------------
---------------------------------------------------------------------------------
Start IO Insertion
---------------------------------------------------------------------------------
---------------------------------------------------------------------------------
Start Flattening Before IO Insertion
---------------------------------------------------------------------------------
---------------------------------------------------------------------------------
Finished Flattening Before IO Insertion
---------------------------------------------------------------------------------
---------------------------------------------------------------------------------
Start Final Netlist Cleanup
---------------------------------------------------------------------------------
---------------------------------------------------------------------------------
Finished Final Netlist Cleanup
---------------------------------------------------------------------------------
---------------------------------------------------------------------------------
Finished IO Insertion : Time (s): cpu = 00:00:38 ; elapsed = 00:00:40 . Memory (MB): peak = 1500.926 ; gain = 548.133
---------------------------------------------------------------------------------
---------------------------------------------------------------------------------
Start Renaming Generated Instances
---------------------------------------------------------------------------------
---------------------------------------------------------------------------------
Finished Renaming Generated Instances : Time (s): cpu = 00:00:38 ; elapsed = 00:00:40 . Memory (MB): peak = 1500.926 ; gain = 548.133
---------------------------------------------------------------------------------
---------------------------------------------------------------------------------
Start Rebuilding User Hierarchy
---------------------------------------------------------------------------------
---------------------------------------------------------------------------------
Finished Rebuilding User Hierarchy : Time (s): cpu = 00:00:38 ; elapsed = 00:00:40 . Memory (MB): peak = 1500.926 ; gain = 548.133
---------------------------------------------------------------------------------
---------------------------------------------------------------------------------
Start Renaming Generated Ports
---------------------------------------------------------------------------------
---------------------------------------------------------------------------------
Finished Renaming Generated Ports : Time (s): cpu = 00:00:38 ; elapsed = 00:00:40 . Memory (MB): peak = 1500.926 ; gain = 548.133
---------------------------------------------------------------------------------
---------------------------------------------------------------------------------
Start Handling Custom Attributes
---------------------------------------------------------------------------------
---------------------------------------------------------------------------------
Finished Handling Custom Attributes : Time (s): cpu = 00:00:38 ; elapsed = 00:00:40 . Memory (MB): peak = 1500.926 ; gain = 548.133
---------------------------------------------------------------------------------
---------------------------------------------------------------------------------
Start Renaming Generated Nets
---------------------------------------------------------------------------------
---------------------------------------------------------------------------------
Finished Renaming Generated Nets : Time (s): cpu = 00:00:38 ; elapsed = 00:00:40 . Memory (MB): peak = 1500.926 ; gain = 548.133
---------------------------------------------------------------------------------
---------------------------------------------------------------------------------
Start Writing Synthesis Report
---------------------------------------------------------------------------------

Report BlackBoxes: 
+------+-------------------+----------+
|      |BlackBox name      |Instances |
+------+-------------------+----------+
|1     |xadc_wiz_sequencer |         1|
+------+-------------------+----------+

Report Cell Usage: 
+------+-------------------+------+
|      |Cell               |Count |
+------+-------------------+------+
|1     |xadc_wiz_sequencer |     1|
|2     |BUFG               |     1|
|3     |CARRY4             |     7|
|4     |LUT1               |     1|
|5     |LUT4               |    24|
|6     |LUT5               |     2|
|7     |FDRE               |    38|
|8     |IBUF               |     6|
|9     |OBUF               |     2|
|10    |OBUFT              |     4|
+------+-------------------+------+
---------------------------------------------------------------------------------
Finished Writing Synthesis Report : Time (s): cpu = 00:00:38 ; elapsed = 00:00:40 . Memory (MB): peak = 1500.926 ; gain = 548.133
---------------------------------------------------------------------------------
Synthesis finished with 0 errors, 0 critical warnings and 5 warnings.
Synthesis Optimization Runtime : Time (s): cpu = 00:00:26 ; elapsed = 00:00:38 . Memory (MB): peak = 1500.926 ; gain = 498.059
Synthesis Optimization Complete : Time (s): cpu = 00:00:38 ; elapsed = 00:00:40 . Memory (MB): peak = 1500.926 ; gain = 548.133
INFO: [Project 1-571] Translating synthesized netlist
Netlist sorting complete. Time (s): cpu = 00:00:00 ; elapsed = 00:00:00.002 . Memory (MB): peak = 1500.926 ; gain = 0.000
INFO: [Netlist 29-17] Analyzing 7 Unisim elements for replacement
INFO: [Netlist 29-28] Unisim Transformation completed in 0 CPU seconds
INFO: [Project 1-570] Preparing netlist for logic optimization
INFO: [Opt 31-138] Pushed 0 inverter(s) to 0 load pin(s).
Netlist sorting complete. Time (s): cpu = 00:00:00 ; elapsed = 00:00:00 . Memory (MB): peak = 1500.926 ; gain = 0.000
INFO: [Project 1-111] Unisim Transformation Summary:
No Unisim elements were transformed.

Synth Design complete, checksum: 5f175978
INFO: [Common 17-83] Releasing license: Synthesis
29 Infos, 24 Warnings, 0 Critical Warnings and 0 Errors encountered.
synth_design completed successfully
synth_design: Time (s): cpu = 00:00:45 ; elapsed = 00:00:48 . Memory (MB): peak = 1500.926 ; gain = 922.367
INFO: [Common 17-1381] The checkpoint 'C:/Users/Bruker/Documents/Bachelor_Elektro_ingenior_med_auto/fpga/sequence_sampeling/sequence_sampeling.runs/synth_1/top.dcp' has been generated.
INFO: [runtcl-4] Executing : report_utilization -file top_utilization_synth.rpt -pb top_utilization_synth.pb
INFO: [Common 17-206] Exiting Vivado at Thu Apr 13 16:50:39 2023...
